<?xml version="1.0" encoding="UTF-8"?>
<!-- Generated by org.testng.reporters.JUnitReportReporter -->
<testsuite hostname="DESKTOP-2V6AT8O" failures="0" tests="1" name="runner.CucumberRunnerTests" time="38.564" errors="0" timestamp="2025-04-12T03:40:45 PDT" skipped="0">
  <testcase classname="runner.CucumberRunnerTests" name="runScenario" time="38.564"/>
  <system-out/>
</testsuite> <!-- runner.CucumberRunnerTests -->
